#! /usr/bin/env bash
exec /home/daniel/miniconda3/envs/digital/bin/vvp -f "$0" "$@" <<'# EOF'
:ivl_version "13.0 (devel)" "(0_8-6859-gf50cc35d2-dirty)";
:ivl_delay_selection "TYPICAL";
:vpi_time_precision + 0;
:vpi_module "/home/daniel/miniconda3/envs/digital/lib/ivl/system.vpi";
:vpi_module "/home/daniel/miniconda3/envs/digital/lib/ivl/vhdl_sys.vpi";
:vpi_module "/home/daniel/miniconda3/envs/digital/lib/ivl/vhdl_textio.vpi";
:vpi_module "/home/daniel/miniconda3/envs/digital/lib/ivl/v2005_math.vpi";
:vpi_module "/home/daniel/miniconda3/envs/digital/lib/ivl/va_math.vpi";
S_0x275f91e0 .scope module, "shift" "shift" 2 1;
 .timescale 0 0;
    .port_info 0 /INPUT 4 "a";
    .port_info 1 /INPUT 4 "shift_";
    .port_info 2 /OUTPUT 7 "shift_number";
    .port_info 3 /OUTPUT 1 "done";
v0x275f9370_0 .net *"_ivl_0", 6 0, L_0x27640d50;  1 drivers
L_0x746e458f5018 .functor BUFT 1, C4<000>, C4<0>, C4<0>, C4<0>;
v0x27640860_0 .net *"_ivl_3", 2 0, L_0x746e458f5018;  1 drivers
o0x746e4593e078 .functor BUFZ 4, C4<zzzz>; HiZ drive
v0x27640940_0 .net "a", 3 0, o0x746e4593e078;  0 drivers
o0x746e4593e0a8 .functor BUFZ 1, C4<z>; HiZ drive
v0x27640a00_0 .net "done", 0 0, o0x746e4593e0a8;  0 drivers
o0x746e4593e0d8 .functor BUFZ 4, C4<zzzz>; HiZ drive
v0x27640ac0_0 .net "shift_", 3 0, o0x746e4593e0d8;  0 drivers
v0x27640bf0_0 .net "shift_number", 6 0, L_0x27640ec0;  1 drivers
L_0x27640d50 .concat [ 4 3 0 0], o0x746e4593e078, L_0x746e458f5018;
L_0x27640ec0 .shift/l 7, L_0x27640d50, o0x746e4593e0d8;
# The file index is used to find the file name in the following table.
:file_names 3;
    "N/A";
    "<interactive>";
    "shift.v";
# EOF
